TRACE OF NETPERF TEST
TRACE: 00000000243ee5a0 [init -> test-trace] RPC_DISPATCH 'session'
TRACE: 0000000024401a8d [init -> test-trace] RPC_CALL 'transfer_quota'
TRACE: 000000002440d6ce [init -> test-trace] RPC_RETURNED 'transfer_quota'
TRACE: 00000000244939a1 [init -> test-trace] RPC_CALL 'transfer_quota'
TRACE: 000000002449e6b5 [init -> test-trace] RPC_RETURNED 'transfer_quota'
TRACE: 000000008a099d94 [init -> test-trace] RPC_CALL 'session'
TRACE: 000000008a4b9634 [init -> test-trace] RPC_RETURNED 'session'
TRACE: 000000008a4c7d9d [init -> test-trace] RPC_REPLY 'session'
TRACE: 000000008bfafde3 [init -> test-trace] RPC_DISPATCH 'session'
TRACE: 000000008bfc4747 [init -> test-trace] RPC_CALL 'transfer_quota'
TRACE: 000000008bfd1f53 [init -> test-trace] RPC_RETURNED 'transfer_quota'
TRACE: 000000008c04b28c [init -> test-trace] RPC_CALL 'session'
TRACE: 000000008c1110b9 [init -> test-trace] RPC_RETURNED 'session'
TRACE: 000000008c11cd25 [init -> test-trace] RPC_REPLY 'session'
TRACE: 00000000d8d49224 [init -> usb_drv -> usb_drv] SIGNAL_RECEIVE ''
TRACE: 00000000d8d64e2d [init -> usb_drv -> usb_drv] SIGNAL_RECEIVE ''
TRACE: 00000000d8d9031c [init -> usb_drv -> usb_drv] RPC_CALL 'trigger_once'
TRACE: 00000000d8d9639b [init -> usb_drv -> usb_drv] RPC_RETURNED 'trigger_once'
TRACE: 00000000db18562c [init -> usb_drv -> usb_drv] SIGNAL_RECEIVE ''
TRACE: 00000000db19fcee [init -> usb_drv -> usb_drv] SIGNAL_RECEIVE ''
TRACE: 00000000ddf61a10 [init -> usb_drv -> usb_drv] RPC_CALL 'trigger_once'
TRACE: 00000000ddf6b615 [init -> usb_drv -> usb_drv] RPC_RETURNED 'trigger_once'
TRACE: 00000000e8757a32 [init -> usb_drv -> usb_drv] SIGNAL_RECEIVE ''
TRACE: 00000000e87739d2 [init -> usb_drv -> usb_drv] SIGNAL_RECEIVE ''
TRACE: 00000000ea00bf95 [init -> usb_drv -> usb_drv] RPC_CALL 'trigger_once'
TRACE: 00000000ea012c27 [init -> usb_drv -> usb_drv] RPC_RETURNED 'trigger_once'
TRACE: 00000000eb2c5bb0 [init -> usb_drv -> usb_drv] SIGNAL_RECEIVE ''
TRACE: 00000000eb2df030 [init -> usb_drv -> usb_drv] SIGNAL_RECEIVE ''
TRACE: 00000000ec46441e [init -> usb_drv -> usb_drv] RPC_CALL 'trigger_once'
TRACE: 00000000ee46b980 [init -> usb_drv -> usb_drv] RPC_RETURNED 'trigger_once'
TRACE: 00000000f2f05f90 [init -> usb_drv -> usb_drv] SIGNAL_RECEIVE ''
TRACE: 00000000f2f30abc [init -> usb_drv -> usb_drv] SIGNAL_RECEIVE ''
TRACE: 00000000f4db1580 [init -> usb_drv -> usb_drv] RPC_CALL 'trigger_once'
TRACE: 00000000f4dba3d1 [init -> usb_drv -> usb_drv] RPC_RETURNED 'trigger_once'
TRACE: 00000000fc7ab8a6 [init -> usb_drv -> usb_drv] SIGNAL_RECEIVE ''
TRACE: 00000000fc7c5ee9 [init -> usb_drv -> usb_drv] SIGNAL_RECEIVE ''
TRACE: 00000000fe655cdc [init -> usb_drv -> usb_drv] RPC_CALL 'trigger_once'
TRACE: 0000000101baa8c2 [init -> usb_drv -> usb_drv] RPC_RETURNED 'trigger_once'
TRACE: 0000000105133e12 [init -> usb_drv -> usb_drv] SIGNAL_RECEIVE ''
TRACE: 000000010514f56f [init -> usb_drv -> usb_drv] SIGNAL_RECEIVE ''
TRACE: 0000000106213f8d [init -> usb_drv -> usb_drv] RPC_CALL 'trigger_once'
TRACE: 000000010621af39 [init -> usb_drv -> usb_drv] RPC_RETURNED 'trigger_once'
TRACE: 0000000109c17f54 [init -> usb_drv -> usb_drv] SIGNAL_RECEIVE ''
TRACE: 0000000109c31d0c [init -> usb_drv -> usb_drv] SIGNAL_RECEIVE ''
TRACE: 000000010ab35309 [init -> usb_drv -> usb_drv] RPC_CALL 'trigger_once'
TRACE: 000000010ab3b0ba [init -> usb_drv -> usb_drv] RPC_RETURNED 'trigger_once'
TRACE: 000000010fa9d59c [init -> usb_drv -> usb_drv] SIGNAL_RECEIVE ''
TRACE: 00000001137a5e6d [init -> usb_drv -> usb_drv] SIGNAL_RECEIVE ''
TRACE: 0000000116562bfd [init -> usb_drv -> usb_drv] RPC_CALL 'trigger_once'
TRACE: 0000000116569037 [init -> usb_drv -> usb_drv] RPC_RETURNED 'trigger_once'
TRACE: 000000011b1be8cf [init -> usb_drv -> usb_drv] SIGNAL_RECEIVE ''
TRACE: 000000011b1d6f81 [init -> usb_drv -> usb_drv] SIGNAL_RECEIVE ''
TRACE: 000000011d03a193 [init -> usb_drv -> usb_drv] RPC_CALL 'trigger_once'
TRACE: 000000011d03fa64 [init -> usb_drv -> usb_drv] RPC_RETURNED 'trigger_once'
TRACE: 0000000122b9a1f5 [init -> usb_drv -> usb_drv] SIGNAL_RECEIVE ''
TRACE: 0000000122bdae3d [init -> usb_drv -> usb_drv] SIGNAL_RECEIVE ''
TRACE: 0000000124283280 [init -> usb_drv -> usb_drv] RPC_CALL 'trigger_once'
TRACE: 000000012428b131 [init -> usb_drv -> usb_drv] RPC_RETURNED 'trigger_once'
TRACE: 0000000124557f55 [init -> usb_drv -> usb_drv] SIGNAL_RECEIVE ''
TRACE: 000000012487636a [init -> usb_drv -> usb_drv] SIGNAL_RECEIVE ''
TRACE: 00000001248e96c3 [init -> usb_drv -> usb_drv] RPC_CALL 'trigger_once'
TRACE: 00000001248ef241 [init -> usb_drv -> usb_drv] RPC_RETURNED 'trigger_once'
TRACE: 0000000124950b0e [init -> usb_drv -> usb_drv] SIGNAL_RECEIVE ''
TRACE: 0000000124e41509 [init -> usb_drv -> usb_drv] SIGNAL_RECEIVE ''
TRACE: 0000000124e636f1 [init -> usb_drv -> usb_drv] RPC_CALL 'trigger_once'
TRACE: 0000000124e693ec [init -> usb_drv -> usb_drv] RPC_RETURNED 'trigger_once'
TRACE: 0000000124ea0c13 [init -> usb_drv -> usb_drv] SIGNAL_RECEIVE ''
TRACE: 0000000125425f1f [init -> usb_drv -> usb_drv] SIGNAL_RECEIVE ''
TRACE: 0000000125447dd6 [init -> usb_drv -> usb_drv] RPC_CALL 'trigger_once'
TRACE: 000000012544db5e [init -> usb_drv -> usb_drv] RPC_RETURNED 'trigger_once'
TRACE: 00000001254857df [init -> usb_drv -> usb_drv] SIGNAL_RECEIVE ''
TRACE: 00000001258cc99c [init -> usb_drv -> usb_drv] SIGNAL_RECEIVE ''
TRACE: 00000001258d1b5e [init -> usb_drv -> usb_drv] SIGNAL_SUBMIT ''
TRACE: 00000001258d7e27 [init -> usb_drv -> usb_drv] RPC_CALL 'submit'
TRACE: 00000001258f47ec [init -> usb_drv -> usb_drv] RPC_RETURNED 'submit'
TRACE: 000000012594d973 [init -> usb_drv -> usb_drv] SIGNAL_RECEIVE ''
TRACE: 0000000125964f41 [init -> usb_drv -> usb_drv] RPC_CALL 'trigger_once'
TRACE: 000000012596bf88 [init -> usb_drv -> usb_drv] RPC_RETURNED 'trigger_once'
TRACE: 00000001259f31a6 [init -> usb_drv -> usb_drv] SIGNAL_RECEIVE ''
TRACE: 0000000125a0b03c [init -> usb_drv -> usb_drv] SIGNAL_RECEIVE ''
TRACE: 0000000125a11f2d [init -> usb_drv -> usb_drv] SIGNAL_SUBMIT ''
TRACE: 0000000125a16ae5 [init -> usb_drv -> usb_drv] RPC_CALL 'submit'
TRACE: 0000000125a252a0 [init -> usb_drv -> usb_drv] RPC_RETURNED 'submit'
TRACE: 0000000125a53410 [init -> usb_drv -> usb_drv] RPC_CALL 'trigger_once'
TRACE: 0000000125a59681 [init -> usb_drv -> usb_drv] RPC_RETURNED 'trigger_once'
TRACE: 0000000125b5c36b [init -> usb_drv -> usb_drv] SIGNAL_RECEIVE ''
TRACE: 0000000125d0bb5f [init -> usb_drv -> usb_drv] SIGNAL_RECEIVE ''
TRACE: 0000000125d2fc57 [init -> usb_drv -> usb_drv] RPC_CALL 'trigger_once'
TRACE: 0000000125d35dfc [init -> usb_drv -> usb_drv] RPC_RETURNED 'trigger_once'
TRACE: 0000000125dec1ec [init -> usb_drv -> usb_drv] SIGNAL_RECEIVE ''
TRACE: 00000001262db3c2 [init -> usb_drv -> usb_drv] SIGNAL_RECEIVE ''
TRACE: 00000001262fd5f6 [init -> usb_drv -> usb_drv] RPC_CALL 'trigger_once'
TRACE: 0000000126303982 [init -> usb_drv -> usb_drv] RPC_RETURNED 'trigger_once'
TRACE: 000000012633ba64 [init -> usb_drv -> usb_drv] SIGNAL_RECEIVE ''
TRACE: 00000001268bfe05 [init -> usb_drv -> usb_drv] SIGNAL_RECEIVE ''
TRACE: 00000001268e17ad [init -> usb_drv -> usb_drv] RPC_CALL 'trigger_once'
TRACE: 00000001268e75af [init -> usb_drv -> usb_drv] RPC_RETURNED 'trigger_once'
TRACE: 000000012691f27d [init -> usb_drv -> usb_drv] SIGNAL_RECEIVE ''
TRACE: 0000000126e0c1f6 [init -> usb_drv -> usb_drv] SIGNAL_RECEIVE ''
TRACE: 0000000126e2d8a2 [init -> usb_drv -> usb_drv] RPC_CALL 'trigger_once'
TRACE: 0000000126e33767 [init -> usb_drv -> usb_drv] RPC_RETURNED 'trigger_once'
TRACE: 0000000126ebbff8 [init -> usb_drv -> usb_drv] SIGNAL_RECEIVE ''
TRACE: 00000001273d9af2 [init -> usb_drv -> usb_drv] SIGNAL_RECEIVE ''
TRACE: 00000001273fb616 [init -> usb_drv -> usb_drv] RPC_CALL 'trigger_once'
TRACE: 000000012740141c [init -> usb_drv -> usb_drv] RPC_RETURNED 'trigger_once'
TRACE: 00000001274393e2 [init -> usb_drv -> usb_drv] SIGNAL_RECEIVE ''
TRACE: 00000001279bd87d [init -> usb_drv -> usb_drv] SIGNAL_RECEIVE ''
TRACE: 00000001279df3db [init -> usb_drv -> usb_drv] RPC_CALL 'trigger_once'
TRACE: 00000001279e5180 [init -> usb_drv -> usb_drv] RPC_RETURNED 'trigger_once'
TRACE: 0000000127a1ce9e [init -> usb_drv -> usb_drv] SIGNAL_RECEIVE ''
TRACE: 0000000127f0b917 [init -> usb_drv -> usb_drv] SIGNAL_RECEIVE ''
TRACE: 0000000127f2d18c [init -> usb_drv -> usb_drv] RPC_CALL 'trigger_once'
TRACE: 0000000127f3302b [init -> usb_drv -> usb_drv] RPC_RETURNED 'trigger_once'
TRACE: 0000000127f6a964 [init -> usb_drv -> usb_drv] SIGNAL_RECEIVE ''
TRACE: 00000001284fa260 [init -> usb_drv -> usb_drv] SIGNAL_RECEIVE ''
TRACE: 000000012851c318 [init -> usb_drv -> usb_drv] RPC_CALL 'trigger_once'
TRACE: 000000012852223d [init -> usb_drv -> usb_drv] RPC_RETURNED 'trigger_once'
TRACE: 000000012855a7c7 [init -> usb_drv -> usb_drv] SIGNAL_RECEIVE ''
TRACE: 0000000128ad5af4 [init -> usb_drv -> usb_drv] SIGNAL_RECEIVE ''
TRACE: 0000000128af7679 [init -> usb_drv -> usb_drv] RPC_CALL 'trigger_once'
TRACE: 0000000128afd3dd [init -> usb_drv -> usb_drv] RPC_RETURNED 'trigger_once'
TRACE: 0000000128b34ef3 [init -> usb_drv -> usb_drv] SIGNAL_RECEIVE ''
TRACE: 0000000129023ab1 [init -> usb_drv -> usb_drv] SIGNAL_RECEIVE ''
TRACE: 0000000129044ff5 [init -> usb_drv -> usb_drv] RPC_CALL 'trigger_once'
TRACE: 000000012904af1b [init -> usb_drv -> usb_drv] RPC_RETURNED 'trigger_once'
TRACE: 0000000129082ca2 [init -> usb_drv -> usb_drv] SIGNAL_RECEIVE ''
TRACE: 00000001296045cb [init -> usb_drv -> usb_drv] SIGNAL_RECEIVE ''
TRACE: 0000000129625f3d [init -> usb_drv -> usb_drv] RPC_CALL 'trigger_once'
TRACE: 000000012962bc94 [init -> usb_drv -> usb_drv] RPC_RETURNED 'trigger_once'
TRACE: 000000012966375c [init -> usb_drv -> usb_drv] SIGNAL_RECEIVE ''
TRACE: 0000000129b59ba2 [init -> usb_drv -> usb_drv] SIGNAL_RECEIVE ''
TRACE: 0000000129b7b263 [init -> usb_drv -> usb_drv] RPC_CALL 'trigger_once'
TRACE: 0000000129b810e1 [init -> usb_drv -> usb_drv] RPC_RETURNED 'trigger_once'
TRACE: 0000000129c35a0c [init -> usb_drv -> usb_drv] SIGNAL_RECEIVE ''
TRACE: 0000000129e8c1c2 [init -> usb_drv -> usb_drv] SIGNAL_RECEIVE ''
TRACE: 0000000129e9322c [init -> usb_drv -> usb_drv] SIGNAL_SUBMIT ''
TRACE: 0000000129e97cb2 [init -> usb_drv -> usb_drv] RPC_CALL 'submit'
TRACE: 0000000129ea5a87 [init -> usb_drv -> usb_drv] RPC_RETURNED 'submit'
TRACE: 0000000129ed069e [init -> usb_drv -> usb_drv] RPC_CALL 'trigger_once'
TRACE: 0000000129ed6a2f [init -> usb_drv -> usb_drv] RPC_RETURNED 'trigger_once'
TRACE: 0000000129fba11f [init -> usb_drv -> usb_drv] SIGNAL_RECEIVE ''
TRACE: 0000000129ff9869 [init -> usb_drv -> usb_drv] SIGNAL_RECEIVE ''
TRACE: 0000000129fffd4c [init -> usb_drv -> usb_drv] SIGNAL_SUBMIT ''
TRACE: 000000012a0048f2 [init -> usb_drv -> usb_drv] RPC_CALL 'submit'
TRACE: 000000012a012578 [init -> usb_drv -> usb_drv] RPC_RETURNED 'submit'
TRACE: 000000012a03b6f5 [init -> usb_drv -> usb_drv] RPC_CALL 'trigger_once'
TRACE: 000000012a041986 [init -> usb_drv -> usb_drv] RPC_RETURNED 'trigger_once'
TRACE: 000000012a0e42a1 [init -> usb_drv -> usb_drv] SIGNAL_RECEIVE ''
TRACE: 000000012a0e5d63 [init -> usb_drv -> usb_drv] SIGNAL_RECEIVE ''
TRACE: 000000012a0e8e87 [init -> usb_drv -> usb_drv] SIGNAL_SUBMIT ''
TRACE: 000000012a0edcf5 [init -> usb_drv -> usb_drv] RPC_CALL 'submit'
TRACE: 000000012a0fb993 [init -> usb_drv -> usb_drv] RPC_RETURNED 'submit'
TRACE: 000000012a15044d [init -> usb_drv -> usb_drv] SIGNAL_RECEIVE ''
TRACE: 000000012a165e2e [init -> usb_drv -> usb_drv] RPC_CALL 'trigger_once'
TRACE: 000000012a16c29f [init -> usb_drv -> usb_drv] RPC_RETURNED 'trigger_once'
TRACE: 000000012a1d066d [init -> usb_drv -> usb_drv] SIGNAL_RECEIVE ''
TRACE: 000000012a1e8b06 [init -> usb_drv -> usb_drv] SIGNAL_RECEIVE ''
TRACE: 000000012a1f96b2 [init -> usb_drv -> usb_drv] RPC_CALL 'trigger_once'
TRACE: 000000012a1ff39d [init -> usb_drv -> usb_drv] RPC_RETURNED 'trigger_once'
TRACE: 000000012a237115 [init -> usb_drv -> usb_drv] SIGNAL_RECEIVE ''
TRACE: 000000012a4907aa [init -> usb_drv -> usb_drv] SIGNAL_RECEIVE ''
TRACE: 000000012a4c5782 [init -> usb_drv -> usb_drv] SIGNAL_RECEIVE ''
TRACE: 000000012a4d6280 [init -> usb_drv -> usb_drv] RPC_CALL 'trigger_once'
TRACE: 000000012a4dc087 [init -> usb_drv -> usb_drv] RPC_RETURNED 'trigger_once'
TRACE: 000000012a513eec [init -> usb_drv -> usb_drv] SIGNAL_RECEIVE ''
TRACE: 000000012a95fa5d [init -> usb_drv -> usb_drv] SIGNAL_RECEIVE ''
TRACE: 000000012a965c0c [init -> usb_drv -> usb_drv] SIGNAL_SUBMIT ''
TRACE: 000000012a96a581 [init -> usb_drv -> usb_drv] RPC_CALL 'submit'
TRACE: 000000012a97cfa2 [init -> usb_drv -> usb_drv] RPC_RETURNED 'submit'
TRACE: 000000012a9b485c [init -> usb_drv -> usb_drv] SIGNAL_RECEIVE ''
TRACE: 000000012a9c55cb [init -> usb_drv -> usb_drv] RPC_CALL 'trigger_once'
TRACE: 000000012a9cb660 [init -> usb_drv -> usb_drv] RPC_RETURNED 'trigger_once'
TRACE: 000000012aa59401 [init -> usb_drv -> usb_drv] SIGNAL_RECEIVE ''
TRACE: 000000012aa5afba [init -> usb_drv -> usb_drv] SIGNAL_RECEIVE ''
TRACE: 000000012aa5d119 [init -> usb_drv -> usb_drv] SIGNAL_SUBMIT ''
TRACE: 000000012aa61e16 [init -> usb_drv -> usb_drv] RPC_CALL 'submit'
TRACE: 000000012aa6f83e [init -> usb_drv -> usb_drv] RPC_RETURNED 'submit'
TRACE: 000000012aac247e [init -> usb_drv -> usb_drv] SIGNAL_RECEIVE ''
TRACE: 000000012aad7b20 [init -> usb_drv -> usb_drv] RPC_CALL 'trigger_once'
TRACE: 000000012aaddbbb [init -> usb_drv -> usb_drv] RPC_RETURNED 'trigger_once'
TRACE: 000000012ab412f0 [init -> usb_drv -> usb_drv] SIGNAL_RECEIVE ''
TRACE: 000000012ab59d78 [init -> usb_drv -> usb_drv] SIGNAL_RECEIVE ''
TRACE: 000000012ab6a7a6 [init -> usb_drv -> usb_drv] RPC_CALL 'trigger_once'
TRACE: 000000012ab703b9 [init -> usb_drv -> usb_drv] RPC_RETURNED 'trigger_once'
TRACE: 000000012aba7a35 [init -> usb_drv -> usb_drv] SIGNAL_RECEIVE ''
TRACE: 000000012ad2cd5a [init -> usb_drv -> usb_drv] SIGNAL_RECEIVE ''
TRACE: 000000012ad2ef54 [init -> usb_drv -> usb_drv] SIGNAL_SUBMIT ''
TRACE: 000000012ad33de1 [init -> usb_drv -> usb_drv] RPC_CALL 'submit'
TRACE: 000000012ad4187e [init -> usb_drv -> usb_drv] RPC_RETURNED 'submit'
TRACE: 000000012ad939fa [init -> usb_drv -> usb_drv] SIGNAL_RECEIVE ''
TRACE: 000000012ada8ea2 [init -> usb_drv -> usb_drv] RPC_CALL 'trigger_once'
TRACE: 000000012adaf0dd [init -> usb_drv -> usb_drv] RPC_RETURNED 'trigger_once'
TRACE: 000000012ae13210 [init -> usb_drv -> usb_drv] SIGNAL_RECEIVE ''
TRACE: 000000012ae2b811 [init -> usb_drv -> usb_drv] SIGNAL_RECEIVE ''
TRACE: 000000012ae3c3b7 [init -> usb_drv -> usb_drv] RPC_CALL 'trigger_once'
TRACE: 000000012ae41f39 [init -> usb_drv -> usb_drv] RPC_RETURNED 'trigger_once'
TRACE: 000000012aec47b1 [init -> usb_drv -> usb_drv] SIGNAL_RECEIVE ''
TRACE: 000000012aedcbf6 [init -> usb_drv -> usb_drv] SIGNAL_RECEIVE ''
TRACE: 000000012aefe36e [init -> usb_drv -> usb_drv] RPC_CALL 'trigger_once'
TRACE: 000000012af0402e [init -> usb_drv -> usb_drv] RPC_RETURNED 'trigger_once'
TRACE: 000000012af3b3eb [init -> usb_drv -> usb_drv] SIGNAL_RECEIVE ''
TRACE: 000000012b42ae5b [init -> usb_drv -> usb_drv] SIGNAL_RECEIVE ''
TRACE: 000000012b44c3ad [init -> usb_drv -> usb_drv] RPC_CALL 'trigger_once'
TRACE: 000000012b4521d9 [init -> usb_drv -> usb_drv] RPC_RETURNED 'trigger_once'
TRACE: 000000012b4e79fb [init -> usb_drv -> usb_drv] SIGNAL_RECEIVE ''
TRACE: 000000012b9faa27 [init -> usb_drv -> usb_drv] SIGNAL_RECEIVE ''
TRACE: 000000012ba1bfd0 [init -> usb_drv -> usb_drv] RPC_CALL 'trigger_once'
TRACE: 000000012ba21d6b [init -> usb_drv -> usb_drv] RPC_RETURNED 'trigger_once'
TRACE: 000000012ba59299 [init -> usb_drv -> usb_drv] SIGNAL_RECEIVE ''
TRACE: 000000012bfdd7a9 [init -> usb_drv -> usb_drv] SIGNAL_RECEIVE ''
TRACE: 000000012bfff29f [init -> usb_drv -> usb_drv] RPC_CALL 'trigger_once'
TRACE: 000000012c005125 [init -> usb_drv -> usb_drv] RPC_RETURNED 'trigger_once'
TRACE: 000000012c03c02c [init -> usb_drv -> usb_drv] SIGNAL_RECEIVE ''
TRACE: 000000012c529ceb [init -> usb_drv -> usb_drv] SIGNAL_RECEIVE ''
TRACE: 000000012c5495ee [init -> usb_drv -> usb_drv] RPC_CALL 'trigger_once'
TRACE: 000000012c54f497 [init -> usb_drv -> usb_drv] RPC_RETURNED 'trigger_once'
TRACE: 000000012c5ef64a [init -> usb_drv -> usb_drv] SIGNAL_RECEIVE ''
TRACE: 000000012cafdf07 [init -> usb_drv -> usb_drv] SIGNAL_RECEIVE ''
TRACE: 000000012cb20d31 [init -> usb_drv -> usb_drv] RPC_CALL 'trigger_once'
TRACE: 000000012cb268eb [init -> usb_drv -> usb_drv] RPC_RETURNED 'trigger_once'
TRACE: 000000012cb5e022 [init -> usb_drv -> usb_drv] SIGNAL_RECEIVE ''
TRACE: 000000012d0e3043 [init -> usb_drv -> usb_drv] SIGNAL_RECEIVE ''
TRACE: 000000012d1051ea [init -> usb_drv -> usb_drv] RPC_CALL 'trigger_once'
TRACE: 000000012d10ad9d [init -> usb_drv -> usb_drv] RPC_RETURNED 'trigger_once'
TRACE: 000000012d14234e [init -> usb_drv -> usb_drv] SIGNAL_RECEIVE ''
TRACE: 000000012f5747cb [init -> usb_drv -> usb_drv] SIGNAL_RECEIVE ''
TRACE: 000000012f5784f5 [init -> usb_drv -> usb_drv] SIGNAL_SUBMIT ''
TRACE: 000000012f57e5e2 [init -> usb_drv -> usb_drv] RPC_CALL 'submit'
TRACE: 0000000130218778 [init -> usb_drv -> usb_drv] RPC_RETURNED 'submit'
TRACE: 0000000130243fd1 [init -> usb_drv -> usb_drv] RPC_CALL 'trigger_once'
TRACE: 00000001305c2c37 [init -> usb_drv -> usb_drv] RPC_RETURNED 'trigger_once'
TRACE: 00000001306207ab [init -> usb_drv -> usb_drv] SIGNAL_RECEIVE ''
TRACE: 0000000130639901 [init -> usb_drv -> usb_drv] SIGNAL_RECEIVE ''
TRACE: 0000000130641932 [init -> usb_drv -> usb_drv] SIGNAL_SUBMIT ''
TRACE: 00000001306464fb [init -> usb_drv -> usb_drv] RPC_CALL 'submit'
TRACE: 0000000130654f08 [init -> usb_drv -> usb_drv] RPC_RETURNED 'submit'
TRACE: 000000013067ffc9 [init -> usb_drv -> usb_drv] RPC_CALL 'trigger_once'
TRACE: 000000013068653f [init -> usb_drv -> usb_drv] RPC_RETURNED 'trigger_once'
TRACE: 000000013071cf51 [init -> usb_drv -> usb_drv] SIGNAL_RECEIVE ''
TRACE: 000000013071ea1c [init -> usb_drv -> usb_drv] SIGNAL_RECEIVE ''
TRACE: 00000001307212d5 [init -> usb_drv -> usb_drv] SIGNAL_SUBMIT ''
TRACE: 0000000130726031 [init -> usb_drv -> usb_drv] RPC_CALL 'submit'
TRACE: 0000000130733d80 [init -> usb_drv -> usb_drv] RPC_RETURNED 'submit'
TRACE: 000000013078704d [init -> usb_drv -> usb_drv] SIGNAL_RECEIVE ''
TRACE: 000000013078ff7d [init -> usb_drv -> usb_drv] SIGNAL_SUBMIT ''
TRACE: 0000000130794ca2 [init -> usb_drv -> usb_drv] RPC_CALL 'submit'
TRACE: 00000001307afcfd [init -> usb_drv -> usb_drv] RPC_RETURNED 'submit'
TRACE: 00000001307c72ff [init -> usb_drv -> usb_drv] RPC_CALL 'trigger_once'
TRACE: 00000001307cd84d [init -> usb_drv -> usb_drv] RPC_RETURNED 'trigger_once'
TRACE: 0000000130879f3d [init -> usb_drv -> usb_drv] SIGNAL_RECEIVE ''
TRACE: 000000013087ba89 [init -> usb_drv -> usb_drv] SIGNAL_RECEIVE ''
TRACE: 000000013087dba1 [init -> usb_drv -> usb_drv] SIGNAL_SUBMIT ''
TRACE: 00000001308827e7 [init -> usb_drv -> usb_drv] RPC_CALL 'submit'
TRACE: 000000013088ffce [init -> usb_drv -> usb_drv] RPC_RETURNED 'submit'
TRACE OF NETPERF TEST END
